<?xml version="1.0" encoding="UTF-8"?>
<testsuite xmlns:xsi="http://www.w3.org/2001/XMLSchema-instance" xsi:noNamespaceSchemaLocation="https://maven.apache.org/surefire/maven-surefire-plugin/xsd/surefire-test-report.xsd" version="3.0.2" name="fr.carla.bank.service.BankAccountServiceTest" time="2.607" tests="18" errors="0" skipped="0" failures="0">
  <properties>
[...]
</properties>
  <testcase name="shouldRejectTransferWhenTargetAccountDoesNotExist" classname="fr.carla.bank.service.BankAccountServiceTest" time="2.364">
    <system-err><![CDATA[WARNING: A Java agent has been loaded dynamically (C:\Users\carla\.m2\repository\net\bytebuddy\byte-buddy-agent\1.14.19\byte-buddy-agent-1.14.19.jar)
WARNING: If a serviceability tool is in use, please run with -XX:+EnableDynamicAgentLoading to hide this warning
WARNING: If a serviceability tool is not in use, please run with -Djdk.instrument.traceUsage for more information
WARNING: Dynamic loading of agents will be disallowed by default in a future release
]]></system-err>
  </testcase>
  <testcase name="shouldWithdrawPositiveAmount" classname="fr.carla.bank.service.BankAccountServiceTest" time="0.013"/>
  <testcase name="shouldRejectNegativeWithdrawal" classname="fr.carla.bank.service.BankAccountServiceTest" time="0.005"/>
  <testcase name="shouldRejectTransferWhenSourceAccountDoesNotExist" classname="fr.carla.bank.service.BankAccountServiceTest" time="0.005"/>
  <testcase name="shouldReturnExistingAccount" classname="fr.carla.bank.service.BankAccountServiceTest" time="0.007"/>
  <testcase name="shouldRejectMissingAccount" classname="fr.carla.bank.service.BankAccountServiceTest" time="0.006"/>
  <testcase name="shouldRejectWithdrawalWithInsufficientFunds" classname="fr.carla.bank.service.BankAccountServiceTest" time="0.027"/>
  <testcase name="shouldRejectDuplicateAccountNumber" classname="fr.carla.bank.service.BankAccountServiceTest" time="0.005"/>
  <testcase name="shouldRejectNegativeTransfer" classname="fr.carla.bank.service.BankAccountServiceTest" time="0.004"/>
  <testcase name="shouldReturnAllAccounts" classname="fr.carla.bank.service.BankAccountServiceTest" time="0.003"/>
  <testcase name="shouldTransferMoneyBetweenAccounts" classname="fr.carla.bank.service.BankAccountServiceTest" time="0.009"/>
  <testcase name="shouldRejectTransferWithInsufficientFunds" classname="fr.carla.bank.service.BankAccountServiceTest" time="0.006"/>
  <testcase name="shouldRejectZeroDeposit" classname="fr.carla.bank.service.BankAccountServiceTest" time="0.005"/>
  <testcase name="shouldRejectZeroTransfer" classname="fr.carla.bank.service.BankAccountServiceTest" time="0.004"/>
  <testcase name="shouldCreateAccountWithZeroBalance" classname="fr.carla.bank.service.BankAccountServiceTest" time="0.015"/>
  <testcase name="shouldRejectZeroWithdrawal" classname="fr.carla.bank.service.BankAccountServiceTest" time="0.006"/>
  <testcase name="shouldRejectNegativeDeposit" classname="fr.carla.bank.service.BankAccountServiceTest" time="0.006"/>
  <testcase name="shouldDepositPositiveAmount" classname="fr.carla.bank.service.BankAccountServiceTest" time="0.005"/>
</testsuite>