-------------------------------------------------------------------------------
Test set: fr.carla.bank.service.BankAccountServiceTest
-------------------------------------------------------------------------------
Tests run: 18, Failures: 12, Errors: 6, Skipped: 0, Time elapsed: 4.161 s <<< FAILURE! -- in fr.carla.bank.service.BankAccountServiceTest
fr.carla.bank.service.BankAccountServiceTest.shouldRejectTransferWhenTargetAccountDoesNotExist -- Time elapsed: 3.889 s <<< FAILURE!
org.opentest4j.AssertionFailedError: Unexpected exception type thrown, expected: <fr.carla.bank.exception.AccountNotFoundException> but was: <java.lang.UnsupportedOperationException>
	at org.junit.jupiter.api.AssertionFailureBuilder.build(AssertionFailureBuilder.java:151)
	at org.junit.jupiter.api.AssertThrows.assertThrows(AssertThrows.java:67)
	at org.junit.jupiter.api.AssertThrows.assertThrows(AssertThrows.java:35)
	at org.junit.jupiter.api.Assertions.assertThrows(Assertions.java:3115)
	at fr.carla.bank.service.BankAccountServiceTest.shouldRejectTransferWhenTargetAccountDoesNotExist(BankAccountServiceTest.java:305)
	at java.base/java.lang.reflect.Method.invoke(Method.java:580)
	at java.base/java.util.ArrayList.forEach(ArrayList.java:1596)
	at java.base/java.util.ArrayList.forEach(ArrayList.java:1596)
Caused by: java.lang.UnsupportedOperationException: Not implemented yet
	at fr.carla.bank.service.BankAccountService.transfer(BankAccountService.java:44)
	at fr.carla.bank.service.BankAccountServiceTest.lambda$shouldRejectTransferWhenTargetAccountDoesNotExist$11(BankAccountServiceTest.java:307)
	at org.junit.jupiter.api.AssertThrows.assertThrows(AssertThrows.java:53)
	... 6 more

fr.carla.bank.service.BankAccountServiceTest.shouldWithdrawPositiveAmount -- Time elapsed: 0.009 s <<< ERROR!
java.lang.UnsupportedOperationException: Not implemented yet
	at fr.carla.bank.service.BankAccountService.withdraw(BankAccountService.java:36)
	at fr.carla.bank.service.BankAccountServiceTest.shouldWithdrawPositiveAmount(BankAccountServiceTest.java:148)
	at java.base/java.lang.reflect.Method.invoke(Method.java:580)
	at java.base/java.util.ArrayList.forEach(ArrayList.java:1596)
	at java.base/java.util.ArrayList.forEach(ArrayList.java:1596)

fr.carla.bank.service.BankAccountServiceTest.shouldRejectNegativeWithdrawal -- Time elapsed: 0.008 s <<< FAILURE!
org.opentest4j.AssertionFailedError: Unexpected exception type thrown, expected: <fr.carla.bank.exception.InvalidAmountException> but was: <java.lang.UnsupportedOperationException>
	at org.junit.jupiter.api.AssertionFailureBuilder.build(AssertionFailureBuilder.java:151)
	at org.junit.jupiter.api.AssertThrows.assertThrows(AssertThrows.java:67)
	at org.junit.jupiter.api.AssertThrows.assertThrows(AssertThrows.java:35)
	at org.junit.jupiter.api.Assertions.assertThrows(Assertions.java:3115)
	at fr.carla.bank.service.BankAccountServiceTest.shouldRejectNegativeWithdrawal(BankAccountServiceTest.java:166)
	at java.base/java.lang.reflect.Method.invoke(Method.java:580)
	at java.base/java.util.ArrayList.forEach(ArrayList.java:1596)
	at java.base/java.util.ArrayList.forEach(ArrayList.java:1596)
Caused by: java.lang.UnsupportedOperationException: Not implemented yet
	at fr.carla.bank.service.BankAccountService.withdraw(BankAccountService.java:36)
	at fr.carla.bank.service.BankAccountServiceTest.lambda$shouldRejectNegativeWithdrawal$6(BankAccountServiceTest.java:168)
	at org.junit.jupiter.api.AssertThrows.assertThrows(AssertThrows.java:53)
	... 6 more

fr.carla.bank.service.BankAccountServiceTest.shouldRejectTransferWhenSourceAccountDoesNotExist -- Time elapsed: 0.008 s <<< FAILURE!
org.opentest4j.AssertionFailedError: Unexpected exception type thrown, expected: <fr.carla.bank.exception.AccountNotFoundException> but was: <java.lang.UnsupportedOperationException>
	at org.junit.jupiter.api.AssertionFailureBuilder.build(AssertionFailureBuilder.java:151)
	at org.junit.jupiter.api.AssertThrows.assertThrows(AssertThrows.java:67)
	at org.junit.jupiter.api.AssertThrows.assertThrows(AssertThrows.java:35)
	at org.junit.jupiter.api.Assertions.assertThrows(Assertions.java:3115)
	at fr.carla.bank.service.BankAccountServiceTest.shouldRejectTransferWhenSourceAccountDoesNotExist(BankAccountServiceTest.java:320)
	at java.base/java.lang.reflect.Method.invoke(Method.java:580)
	at java.base/java.util.ArrayList.forEach(ArrayList.java:1596)
	at java.base/java.util.ArrayList.forEach(ArrayList.java:1596)
Caused by: java.lang.UnsupportedOperationException: Not implemented yet
	at fr.carla.bank.service.BankAccountService.transfer(BankAccountService.java:44)
	at fr.carla.bank.service.BankAccountServiceTest.lambda$shouldRejectTransferWhenSourceAccountDoesNotExist$12(BankAccountServiceTest.java:322)
	at org.junit.jupiter.api.AssertThrows.assertThrows(AssertThrows.java:53)
	... 6 more

fr.carla.bank.service.BankAccountServiceTest.shouldReturnExistingAccount -- Time elapsed: 0.006 s <<< ERROR!
java.lang.UnsupportedOperationException: Not implemented yet
	at fr.carla.bank.service.BankAccountService.getAccount(BankAccountService.java:24)
	at fr.carla.bank.service.BankAccountServiceTest.shouldReturnExistingAccount(BankAccountServiceTest.java:68)
	at java.base/java.lang.reflect.Method.invoke(Method.java:580)
	at java.base/java.util.ArrayList.forEach(ArrayList.java:1596)
	at java.base/java.util.ArrayList.forEach(ArrayList.java:1596)

fr.carla.bank.service.BankAccountServiceTest.shouldRejectMissingAccount -- Time elapsed: 0.007 s <<< FAILURE!
org.opentest4j.AssertionFailedError: Unexpected exception type thrown, expected: <fr.carla.bank.exception.AccountNotFoundException> but was: <java.lang.UnsupportedOperationException>
	at org.junit.jupiter.api.AssertionFailureBuilder.build(AssertionFailureBuilder.java:151)
	at org.junit.jupiter.api.AssertThrows.assertThrows(AssertThrows.java:67)
	at org.junit.jupiter.api.AssertThrows.assertThrows(AssertThrows.java:35)
	at org.junit.jupiter.api.Assertions.assertThrows(Assertions.java:3115)
	at fr.carla.bank.service.BankAccountServiceTest.shouldRejectMissingAccount(BankAccountServiceTest.java:78)
	at java.base/java.lang.reflect.Method.invoke(Method.java:580)
	at java.base/java.util.ArrayList.forEach(ArrayList.java:1596)
	at java.base/java.util.ArrayList.forEach(ArrayList.java:1596)
Caused by: java.lang.UnsupportedOperationException: Not implemented yet
	at fr.carla.bank.service.BankAccountService.getAccount(BankAccountService.java:24)
	at fr.carla.bank.service.BankAccountServiceTest.lambda$shouldRejectMissingAccount$2(BankAccountServiceTest.java:80)
	at org.junit.jupiter.api.AssertThrows.assertThrows(AssertThrows.java:53)
	... 6 more

fr.carla.bank.service.BankAccountServiceTest.shouldRejectWithdrawalWithInsufficientFunds -- Time elapsed: 0.008 s <<< FAILURE!
org.opentest4j.AssertionFailedError: Unexpected exception type thrown, expected: <fr.carla.bank.exception.InsufficientFundsException> but was: <java.lang.UnsupportedOperationException>
	at org.junit.jupiter.api.AssertionFailureBuilder.build(AssertionFailureBuilder.java:151)
	at org.junit.jupiter.api.AssertThrows.assertThrows(AssertThrows.java:67)
	at org.junit.jupiter.api.AssertThrows.assertThrows(AssertThrows.java:35)
	at org.junit.jupiter.api.Assertions.assertThrows(Assertions.java:3115)
	at fr.carla.bank.service.BankAccountServiceTest.shouldRejectWithdrawalWithInsufficientFunds(BankAccountServiceTest.java:186)
	at java.base/java.lang.reflect.Method.invoke(Method.java:580)
	at java.base/java.util.ArrayList.forEach(ArrayList.java:1596)
	at java.base/java.util.ArrayList.forEach(ArrayList.java:1596)
Caused by: java.lang.UnsupportedOperationException: Not implemented yet
	at fr.carla.bank.service.BankAccountService.withdraw(BankAccountService.java:36)
	at fr.carla.bank.service.BankAccountServiceTest.lambda$shouldRejectWithdrawalWithInsufficientFunds$7(BankAccountServiceTest.java:188)
	at org.junit.jupiter.api.AssertThrows.assertThrows(AssertThrows.java:53)
	... 6 more

fr.carla.bank.service.BankAccountServiceTest.shouldRejectDuplicateAccountNumber -- Time elapsed: 0.009 s <<< FAILURE!
org.opentest4j.AssertionFailedError: Unexpected exception type thrown, expected: <fr.carla.bank.exception.AccountAlreadyExistsException> but was: <java.lang.UnsupportedOperationException>
	at org.junit.jupiter.api.AssertionFailureBuilder.build(AssertionFailureBuilder.java:151)
	at org.junit.jupiter.api.AssertThrows.assertThrows(AssertThrows.java:67)
	at org.junit.jupiter.api.AssertThrows.assertThrows(AssertThrows.java:35)
	at org.junit.jupiter.api.Assertions.assertThrows(Assertions.java:3115)
	at fr.carla.bank.service.BankAccountServiceTest.shouldRejectDuplicateAccountNumber(BankAccountServiceTest.java:52)
	at java.base/java.lang.reflect.Method.invoke(Method.java:580)
	at java.base/java.util.ArrayList.forEach(ArrayList.java:1596)
	at java.base/java.util.ArrayList.forEach(ArrayList.java:1596)
Caused by: java.lang.UnsupportedOperationException: Not implemented yet
	at fr.carla.bank.service.BankAccountService.createAccount(BankAccountService.java:20)
	at fr.carla.bank.service.BankAccountServiceTest.lambda$shouldRejectDuplicateAccountNumber$1(BankAccountServiceTest.java:54)
	at org.junit.jupiter.api.AssertThrows.assertThrows(AssertThrows.java:53)
	... 6 more

fr.carla.bank.service.BankAccountServiceTest.shouldRejectNegativeTransfer -- Time elapsed: 0.005 s <<< FAILURE!
org.opentest4j.AssertionFailedError: Unexpected exception type thrown, expected: <fr.carla.bank.exception.InvalidAmountException> but was: <java.lang.UnsupportedOperationException>
	at org.junit.jupiter.api.AssertionFailureBuilder.build(AssertionFailureBuilder.java:151)
	at org.junit.jupiter.api.AssertThrows.assertThrows(AssertThrows.java:67)
	at org.junit.jupiter.api.AssertThrows.assertThrows(AssertThrows.java:35)
	at org.junit.jupiter.api.Assertions.assertThrows(Assertions.java:3115)
	at fr.carla.bank.service.BankAccountServiceTest.shouldRejectNegativeTransfer(BankAccountServiceTest.java:251)
	at java.base/java.lang.reflect.Method.invoke(Method.java:580)
	at java.base/java.util.ArrayList.forEach(ArrayList.java:1596)
	at java.base/java.util.ArrayList.forEach(ArrayList.java:1596)
Caused by: java.lang.UnsupportedOperationException: Not implemented yet
	at fr.carla.bank.service.BankAccountService.transfer(BankAccountService.java:44)
	at fr.carla.bank.service.BankAccountServiceTest.lambda$shouldRejectNegativeTransfer$9(BankAccountServiceTest.java:253)
	at org.junit.jupiter.api.AssertThrows.assertThrows(AssertThrows.java:53)
	... 6 more

fr.carla.bank.service.BankAccountServiceTest.shouldReturnAllAccounts -- Time elapsed: 0.005 s <<< ERROR!
java.lang.UnsupportedOperationException: Not implemented yet
	at fr.carla.bank.service.BankAccountService.getAllAccounts(BankAccountService.java:28)
	at fr.carla.bank.service.BankAccountServiceTest.shouldReturnAllAccounts(BankAccountServiceTest.java:91)
	at java.base/java.lang.reflect.Method.invoke(Method.java:580)
	at java.base/java.util.ArrayList.forEach(ArrayList.java:1596)
	at java.base/java.util.ArrayList.forEach(ArrayList.java:1596)

fr.carla.bank.service.BankAccountServiceTest.shouldTransferMoneyBetweenAccounts -- Time elapsed: 0.005 s <<< ERROR!
java.lang.UnsupportedOperationException: Not implemented yet
	at fr.carla.bank.service.BankAccountService.transfer(BankAccountService.java:44)
	at fr.carla.bank.service.BankAccountServiceTest.shouldTransferMoneyBetweenAccounts(BankAccountServiceTest.java:217)
	at java.base/java.lang.reflect.Method.invoke(Method.java:580)
	at java.base/java.util.ArrayList.forEach(ArrayList.java:1596)
	at java.base/java.util.ArrayList.forEach(ArrayList.java:1596)

fr.carla.bank.service.BankAccountServiceTest.shouldRejectTransferWithInsufficientFunds -- Time elapsed: 0.008 s <<< FAILURE!
org.opentest4j.AssertionFailedError: Unexpected exception type thrown, expected: <fr.carla.bank.exception.InsufficientFundsException> but was: <java.lang.UnsupportedOperationException>
	at org.junit.jupiter.api.AssertionFailureBuilder.build(AssertionFailureBuilder.java:151)
	at org.junit.jupiter.api.AssertThrows.assertThrows(AssertThrows.java:67)
	at org.junit.jupiter.api.AssertThrows.assertThrows(AssertThrows.java:35)
	at org.junit.jupiter.api.Assertions.assertThrows(Assertions.java:3115)
	at fr.carla.bank.service.BankAccountServiceTest.shouldRejectTransferWithInsufficientFunds(BankAccountServiceTest.java:281)
	at java.base/java.lang.reflect.Method.invoke(Method.java:580)
	at java.base/java.util.ArrayList.forEach(ArrayList.java:1596)
	at java.base/java.util.ArrayList.forEach(ArrayList.java:1596)
Caused by: java.lang.UnsupportedOperationException: Not implemented yet
	at fr.carla.bank.service.BankAccountService.transfer(BankAccountService.java:44)
	at fr.carla.bank.service.BankAccountServiceTest.lambda$shouldRejectTransferWithInsufficientFunds$10(BankAccountServiceTest.java:283)
	at org.junit.jupiter.api.AssertThrows.assertThrows(AssertThrows.java:53)
	... 6 more

fr.carla.bank.service.BankAccountServiceTest.shouldRejectZeroDeposit -- Time elapsed: 0.008 s <<< FAILURE!
org.opentest4j.AssertionFailedError: Unexpected exception type thrown, expected: <fr.carla.bank.exception.InvalidAmountException> but was: <java.lang.UnsupportedOperationException>
	at org.junit.jupiter.api.AssertionFailureBuilder.build(AssertionFailureBuilder.java:151)
	at org.junit.jupiter.api.AssertThrows.assertThrows(AssertThrows.java:67)
	at org.junit.jupiter.api.AssertThrows.assertThrows(AssertThrows.java:35)
	at org.junit.jupiter.api.Assertions.assertThrows(Assertions.java:3115)
	at fr.carla.bank.service.BankAccountServiceTest.shouldRejectZeroDeposit(BankAccountServiceTest.java:117)
	at java.base/java.lang.reflect.Method.invoke(Method.java:580)
	at java.base/java.util.ArrayList.forEach(ArrayList.java:1596)
	at java.base/java.util.ArrayList.forEach(ArrayList.java:1596)
Caused by: java.lang.UnsupportedOperationException: Not implemented yet
	at fr.carla.bank.service.BankAccountService.deposit(BankAccountService.java:32)
	at fr.carla.bank.service.BankAccountServiceTest.lambda$shouldRejectZeroDeposit$3(BankAccountServiceTest.java:119)
	at org.junit.jupiter.api.AssertThrows.assertThrows(AssertThrows.java:53)
	... 6 more

fr.carla.bank.service.BankAccountServiceTest.shouldRejectZeroTransfer -- Time elapsed: 0.006 s <<< FAILURE!
org.opentest4j.AssertionFailedError: Unexpected exception type thrown, expected: <fr.carla.bank.exception.InvalidAmountException> but was: <java.lang.UnsupportedOperationException>
	at org.junit.jupiter.api.AssertionFailureBuilder.build(AssertionFailureBuilder.java:151)
	at org.junit.jupiter.api.AssertThrows.assertThrows(AssertThrows.java:67)
	at org.junit.jupiter.api.AssertThrows.assertThrows(AssertThrows.java:35)
	at org.junit.jupiter.api.Assertions.assertThrows(Assertions.java:3115)
	at fr.carla.bank.service.BankAccountServiceTest.shouldRejectZeroTransfer(BankAccountServiceTest.java:239)
	at java.base/java.lang.reflect.Method.invoke(Method.java:580)
	at java.base/java.util.ArrayList.forEach(ArrayList.java:1596)
	at java.base/java.util.ArrayList.forEach(ArrayList.java:1596)
Caused by: java.lang.UnsupportedOperationException: Not implemented yet
	at fr.carla.bank.service.BankAccountService.transfer(BankAccountService.java:44)
	at fr.carla.bank.service.BankAccountServiceTest.lambda$shouldRejectZeroTransfer$8(BankAccountServiceTest.java:241)
	at org.junit.jupiter.api.AssertThrows.assertThrows(AssertThrows.java:53)
	... 6 more

fr.carla.bank.service.BankAccountServiceTest.shouldCreateAccountWithZeroBalance -- Time elapsed: 0.017 s <<< ERROR!
java.lang.UnsupportedOperationException: Not implemented yet
	at fr.carla.bank.service.BankAccountService.createAccount(BankAccountService.java:20)
	at fr.carla.bank.service.BankAccountServiceTest.shouldCreateAccountWithZeroBalance(BankAccountServiceTest.java:39)
	at java.base/java.lang.reflect.Method.invoke(Method.java:580)
	at java.base/java.util.ArrayList.forEach(ArrayList.java:1596)
	at java.base/java.util.ArrayList.forEach(ArrayList.java:1596)

fr.carla.bank.service.BankAccountServiceTest.shouldRejectZeroWithdrawal -- Time elapsed: 0.005 s <<< FAILURE!
org.opentest4j.AssertionFailedError: Unexpected exception type thrown, expected: <fr.carla.bank.exception.InvalidAmountException> but was: <java.lang.UnsupportedOperationException>
	at org.junit.jupiter.api.AssertionFailureBuilder.build(AssertionFailureBuilder.java:151)
	at org.junit.jupiter.api.AssertThrows.assertThrows(AssertThrows.java:67)
	at org.junit.jupiter.api.AssertThrows.assertThrows(AssertThrows.java:35)
	at org.junit.jupiter.api.Assertions.assertThrows(Assertions.java:3115)
	at fr.carla.bank.service.BankAccountServiceTest.shouldRejectZeroWithdrawal(BankAccountServiceTest.java:158)
	at java.base/java.lang.reflect.Method.invoke(Method.java:580)
	at java.base/java.util.ArrayList.forEach(ArrayList.java:1596)
	at java.base/java.util.ArrayList.forEach(ArrayList.java:1596)
Caused by: java.lang.UnsupportedOperationException: Not implemented yet
	at fr.carla.bank.service.BankAccountService.withdraw(BankAccountService.java:36)
	at fr.carla.bank.service.BankAccountServiceTest.lambda$shouldRejectZeroWithdrawal$5(BankAccountServiceTest.java:160)
	at org.junit.jupiter.api.AssertThrows.assertThrows(AssertThrows.java:53)
	... 6 more

fr.carla.bank.service.BankAccountServiceTest.shouldRejectNegativeDeposit -- Time elapsed: 0.006 s <<< FAILURE!
org.opentest4j.AssertionFailedError: Unexpected exception type thrown, expected: <fr.carla.bank.exception.InvalidAmountException> but was: <java.lang.UnsupportedOperationException>
	at org.junit.jupiter.api.AssertionFailureBuilder.build(AssertionFailureBuilder.java:151)
	at org.junit.jupiter.api.AssertThrows.assertThrows(AssertThrows.java:67)
	at org.junit.jupiter.api.AssertThrows.assertThrows(AssertThrows.java:35)
	at org.junit.jupiter.api.Assertions.assertThrows(Assertions.java:3115)
	at fr.carla.bank.service.BankAccountServiceTest.shouldRejectNegativeDeposit(BankAccountServiceTest.java:125)
	at java.base/java.lang.reflect.Method.invoke(Method.java:580)
	at java.base/java.util.ArrayList.forEach(ArrayList.java:1596)
	at java.base/java.util.ArrayList.forEach(ArrayList.java:1596)
Caused by: java.lang.UnsupportedOperationException: Not implemented yet
	at fr.carla.bank.service.BankAccountService.deposit(BankAccountService.java:32)
	at fr.carla.bank.service.BankAccountServiceTest.lambda$shouldRejectNegativeDeposit$4(BankAccountServiceTest.java:127)
	at org.junit.jupiter.api.AssertThrows.assertThrows(AssertThrows.java:53)
	... 6 more

fr.carla.bank.service.BankAccountServiceTest.shouldDepositPositiveAmount -- Time elapsed: 0.007 s <<< ERROR!
java.lang.UnsupportedOperationException: Not implemented yet
	at fr.carla.bank.service.BankAccountService.deposit(BankAccountService.java:32)
	at fr.carla.bank.service.BankAccountServiceTest.shouldDepositPositiveAmount(BankAccountServiceTest.java:107)
	at java.base/java.lang.reflect.Method.invoke(Method.java:580)
	at java.base/java.util.ArrayList.forEach(ArrayList.java:1596)
	at java.base/java.util.ArrayList.forEach(ArrayList.java:1596)

